[2024-04-09 05:06:35] Console created
[2024-04-09 05:06:35] UE4SS - v3.0.1 Beta #0 - Git SHA #3320fc1
[2024-04-09 05:06:35] UE4SS Build Configuration: Game__Shipping__Win64 (MSVC)
[2024-04-09 05:06:35] Setting up mods...
[2024-04-09 05:06:35] Starting mods (from mods.txt load order)...
[2024-04-09 05:06:35] Starting mods (from enabled.txt, no defined load order)...
[2024-04-09 05:06:35] Mod 'palguard' has enabled.txt, starting mod.
[2024-04-09 05:06:35] PalGuardLoader loaded
[2024-04-09 05:06:35] No specific game configuration found, using default configuration file
[2024-04-09 05:06:35] Config: Z:\app\PalServer\Pal\Binaries\Win64\UE4SS-settings.ini

[2024-04-09 05:06:35] root directory: Z:\app\PalServer\Pal\Binaries\Win64
[2024-04-09 05:06:35] working directory: Z:\app\PalServer\Pal\Binaries\Win64
[2024-04-09 05:06:35] game executable directory: Z:\app\PalServer\Pal\Binaries\Win64
[2024-04-09 05:06:35] game executable: Z:\app\PalServer\Pal\Binaries\Win64\PalServer-Win64-Shipping-Cmd.exe (140683264 bytes)


[2024-04-09 05:06:35] mods directory: Z:\app\PalServer\Pal\Binaries\Win64\Mods
[2024-04-09 05:06:35] log directory: Z:\app\PalServer\Pal\Binaries\Win64
[2024-04-09 05:06:35] object dumper directory: Z:\app\PalServer\Pal\Binaries\Win64


[2024-04-09 05:06:35] PS Scan attempt 1
[2024-04-09 05:06:35] [PS] Reading image
[2024-04-09 05:06:35] [PS] Starting scan
[2024-04-09 05:06:36] [PS] Scan finished in 786.9792ms
[2024-04-09 05:06:36] [PS] Found EngineVersion: 5.1
[2024-04-09 05:06:36] [PS] Found GUObjectArray: 0x148247dd0
[2024-04-09 05:06:36] [PS] Found GMalloc: 0x14816f768
[2024-04-09 05:06:36] [PS] Found FName::ToString: 0x142c0a3e0
[2024-04-09 05:06:36] [PS] Found FName::FName(wchar_t*): 0x142bf9840
[2024-04-09 05:06:36] [PS] Found StaticConstructObject_Internal: 0x142da1bc0
[2024-04-09 05:06:36] [PS] Found FText::FText(FString&&): 0x142b2c210
[2024-04-09 05:06:36] PS scan successful
[2024-04-09 05:06:36] Need to construct: /Script/CoreUObject.Class
[2024-04-09 05:06:36] Need to construct: /Script/CoreUObject
[2024-04-09 05:06:36] Need to construct: /Script/CoreUObject.Struct
[2024-04-09 05:06:36] Need to construct: /Script/Engine.Pawn
[2024-04-09 05:06:36] Need to construct: /Script/Engine.Character
[2024-04-09 05:06:36] Need to construct: /Script/Engine.Actor
[2024-04-09 05:06:36] Need to construct: /Script/CoreUObject.Vector
[2024-04-09 05:06:36] Need to construct: /Script/Engine.Default__DefaultPawn
[2024-04-09 05:06:36] Need to construct: /Script/Engine.HitResult
[2024-04-09 05:06:36] Need to construct: /Script/Engine.Default__MaterialExpression
[2024-04-09 05:06:36] Need to construct: /Script/Engine.ActorComponent
[2024-04-09 05:06:36] Need to construct: /Script/CoreUObject.OrientedBox
[2024-04-09 05:06:36] Need to construct: /Script/Engine.MovementComponent
[2024-04-09 05:06:36] Need to construct: /Script/Engine.HUD
[2024-04-09 05:06:36] Need to construct: /Script/Engine.PlayerController
[2024-04-09 05:06:36] Need to construct: /Script/Engine.PlayerCameraManager
[2024-04-09 05:06:36] Need to construct: /Script/CoreUObject.EInterpCurveMode
[2024-04-09 05:06:36] Need to construct: /Script/Engine.ENetRole
[2024-04-09 05:06:36] Need to construct: /Script/MovieScene.MovieSceneEditorData
[2024-04-09 05:06:36] Need to construct: /Script/UMG.Widget
[2024-04-09 05:06:36] Need to construct: /Script/UMG.ComboBoxString
[2024-04-09 05:06:36] Need to construct: /Script/CoreUObject.Interface
[2024-04-09 05:06:36] Need to construct: /Script/CoreUObject.DynamicClass
[2024-04-09 05:06:36] Constructed [1 / 23]: /Script/CoreUObject.Class
[2024-04-09 05:06:36] Constructed [2 / 23]: /Script/CoreUObject
[2024-04-09 05:06:36] Constructed [3 / 23]: /Script/CoreUObject.Struct
[2024-04-09 05:06:36] Constructed [4 / 23]: /Script/Engine.Pawn
[2024-04-09 05:06:36] Constructed [5 / 23]: /Script/Engine.Character
[2024-04-09 05:06:36] Constructed [6 / 23]: /Script/Engine.Actor
[2024-04-09 05:06:36] Constructed [7 / 23]: /Script/CoreUObject.Vector
[2024-04-09 05:06:37] Constructed [8 / 23]: /Script/Engine.HitResult
[2024-04-09 05:06:37] Constructed [9 / 23]: /Script/Engine.ActorComponent
[2024-04-09 05:06:37] Constructed [10 / 23]: /Script/CoreUObject.OrientedBox
[2024-04-09 05:06:37] Constructed [11 / 23]: /Script/Engine.MovementComponent
[2024-04-09 05:06:37] Constructed [12 / 23]: /Script/Engine.HUD
[2024-04-09 05:06:37] Constructed [13 / 23]: /Script/Engine.PlayerController
[2024-04-09 05:06:37] Constructed [14 / 23]: /Script/Engine.PlayerCameraManager
[2024-04-09 05:06:37] Constructed [15 / 23]: /Script/CoreUObject.EInterpCurveMode
[2024-04-09 05:06:37] Constructed [16 / 23]: /Script/Engine.ENetRole
[2024-04-09 05:06:37] Constructed [17 / 23]: /Script/MovieScene.MovieSceneEditorData
[2024-04-09 05:06:37] Constructed [18 / 23]: /Script/UMG.Widget
[2024-04-09 05:06:37] Constructed [19 / 23]: /Script/UMG.ComboBoxString
[2024-04-09 05:06:37] Constructed [20 / 23]: /Script/CoreUObject.Interface
[2024-04-09 05:06:37] Constructed [21 / 23]: /Script/CoreUObject.DynamicClass
[2024-04-09 05:06:37] Constructed [22 / 23]: /Script/Engine.Default__DefaultPawn
[2024-04-09 05:06:37] Constructed [23 / 23]: /Script/Engine.Default__MaterialExpression
[2024-04-09 05:06:38] Constructed 23 of 23 objects
[2024-04-09 05:06:38] ProcessInternal address: 0x142d80660 <- Built-in
[2024-04-09 05:06:38] ProcessLocalScriptFunction address: 0x142d80710 <- Built-in
[2024-04-09 05:06:38] UnrealConfig.FExecVTableOffsetInLocalPlayer: 28
[2024-04-09 05:06:38] Adding GUObjectArray listeners
[2024-04-09 05:06:38] Unreal Engine modules (non-modular):
[2024-04-09 05:06:38] MainExe @ 0x140000000 size=0x8b71000
[2024-04-09 05:06:38] Trying to load PalGuard...
[2024-04-09 05:06:38] 
##### MEMBER OFFSETS START #####

[2024-04-09 05:06:38] UObjectBase::ClassPrivate = 0x10
[2024-04-09 05:06:38] UObjectBase::bFindCameraComponentWhenViewTarget = 0x5A
[2024-04-09 05:06:38] UObjectBase::InternalIndex = 0xC
[2024-04-09 05:06:38] UObjectBase::EngineShowFlags = 0xB8
[2024-04-09 05:06:38] UObjectBase::AutoReceiveInput = 0x153
[2024-04-09 05:06:38] UObjectBase::World = 0x78
[2024-04-09 05:06:38] UObjectBase::ObjectFlags = 0x8
[2024-04-09 05:06:38] UObjectBase::OnEndCursorOver = 0x1D6
[2024-04-09 05:06:38] UObjectBase::CustomTimeDilation = 0x64
[2024-04-09 05:06:38] UObjectBase::NamePrivate = 0x18
[2024-04-09 05:06:38] UObjectBase::bAllowTickBeforeBeginPlay = 0x5A
[2024-04-09 05:06:38] UObjectBase::bForceNetAddressable = 0x59
[2024-04-09 05:06:38] UObjectBase::InputPriority = 0x154
[2024-04-09 05:06:38] UObjectBase::OuterPrivate = 0x20
[2024-04-09 05:06:38] UObjectBase::bNetTemporary = 0x58
[2024-04-09 05:06:38] UObjectBase::ActorHasBegunPlay = 0x5D
[2024-04-09 05:06:38] UObjectBase::OnInputTouchEnd = 0x1DA
[2024-04-09 05:06:38] UObjectBase::bHasDeferredComponentRegistration = 0x5C
[2024-04-09 05:06:38] UObjectBase::AttachmentReplication = 0x70
[2024-04-09 05:06:38] UObjectBase::Children = 0x188
[2024-04-09 05:06:38] UObjectBase::DetachFence = 0x280
[2024-04-09 05:06:38] UObjectBase::CreationTime = 0x158
[2024-04-09 05:06:38] UObjectBase::DefaultUpdateOverlapsMethodDuringLevelStreaming = 0x5F
[2024-04-09 05:06:38] UObjectBase::InitialLifeSpan = 0x60
[2024-04-09 05:06:38] UObjectBase::Tags = 0x1C0
[2024-04-09 05:06:38] UObjectBase::InputComponent = 0x160
[2024-04-09 05:06:38] UObjectBase::OnTakePointDamage = 0x1D1
[2024-04-09 05:06:38] UObjectBase::LastRenderTime = 0x17C
[2024-04-09 05:06:38] UObjectBase::RemoteRole = 0x68
[2024-04-09 05:06:38] UObjectBase::Layers = 0x1A8
[2024-04-09 05:06:38] UObjectBase::MinNetUpdateFrequency = 0x174
[2024-04-09 05:06:38] UObjectBase::TimerHandle_LifeSpanExpired = 0x1A0
[2024-04-09 05:06:38] UObjectBase::OnTakeAnyDamage = 0x1D0
[2024-04-09 05:06:38] UObjectBase::NetCullDistanceSquared = 0x168
[2024-04-09 05:06:38] UObjectBase::OnActorEndOverlap = 0x1D4
[2024-04-09 05:06:38] UObjectBase::NetDormancy = 0x151
[2024-04-09 05:06:38] UObjectBase::NetDriverName = 0x148
[2024-04-09 05:06:38] UObjectBase::NetTag = 0x16C
[2024-04-09 05:06:38] UObjectBase::NetPriority = 0x178
[2024-04-09 05:06:38] UObjectBase::PrimaryActorTick = 0x28
[2024-04-09 05:06:38] UObjectBase::NetUpdateFrequency = 0x170
[2024-04-09 05:06:38] UObjectBase::OnClicked = 0x1D7
[2024-04-09 05:06:38] UObjectBase::OnActorBeginOverlap = 0x1D3
[2024-04-09 05:06:38] UObjectBase::OnActorHit = 0x1DD
[2024-04-09 05:06:38] UObjectBase::StatHitchesData = 0x390
[2024-04-09 05:06:38] UObjectBase::OnBeginCursorOver = 0x1D5
[2024-04-09 05:06:38] UObjectBase::OnDestroyed = 0x1DE
[2024-04-09 05:06:38] UObjectBase::OnInputTouchEnter = 0x1DB
[2024-04-09 05:06:38] UObjectBase::bHasAudioFocus = 0xFC
[2024-04-09 05:06:38] UObjectBase::OnEndPlay = 0x1DF
[2024-04-09 05:06:38] UObjectBase::OnInputTouchBegin = 0x1D9
[2024-04-09 05:06:38] UObjectBase::OnInputTouchLeave = 0x1DC
[2024-04-09 05:06:38] UObjectBase::OnReleased = 0x1D8
[2024-04-09 05:06:38] UObjectBase::OnTakeRadialDamage = 0x1D2
[2024-04-09 05:06:38] UObjectBase::Owner = 0x140
[2024-04-09 05:06:38] UObjectBase::ParentComponent = 0x1B8
[2024-04-09 05:06:38] UObjectBase::RayTracingGroupId = 0x6C
[2024-04-09 05:06:38] UObjectBase::ReplicatedComponentsInfo = 0x1F0
[2024-04-09 05:06:38] UObjectBase::ReplicatedMovement = 0xD0
[2024-04-09 05:06:38] UObjectBase::UpdateOverlapsMethodDuringLevelStreaming = 0x5E
[2024-04-09 05:06:38] UObjectBase::ReplicatedSubObjects = 0x1E0
[2024-04-09 05:06:38] UObjectBase::Role = 0x150
[2024-04-09 05:06:38] UObjectBase::RootComponent = 0x198
[2024-04-09 05:06:38] UObjectBase::SpawnCollisionHandlingMethod = 0x152
[2024-04-09 05:06:38] UObjectBase::bNetStartup = 0x58
[2024-04-09 05:06:38] UObjectBase::bActorIsBeingConstructed = 0x5D
[2024-04-09 05:06:38] UObjectBase::bActorBeginningPlayFromLevelStreaming = 0x5C
[2024-04-09 05:06:38] UObjectBase::bAllowReceiveTickEventOnDedicatedServer = 0x5B
[2024-04-09 05:06:38] UObjectBase::bIsMouseOverClient = 0x39D
[2024-04-09 05:06:38] UObjectBase::bActorEnableCollision = 0x5C
[2024-04-09 05:06:38] UObjectBase::bActorInitialized = 0x5C
[2024-04-09 05:06:38] UObjectBase::bActorIsBeingDestroyed = 0x5D
[2024-04-09 05:06:38] UObjectBase::bActorSeamlessTraveled = 0x5B
[2024-04-09 05:06:38] UObjectBase::bActorWantsDestroyDuringBeginPlay = 0x5D
[2024-04-09 05:06:38] UObjectBase::bAlwaysRelevant = 0x58
[2024-04-09 05:06:38] UObjectBase::bAsyncPhysicsTickEnabled = 0x5D
[2024-04-09 05:06:38] UObjectBase::bAutoDestroyWhenFinished = 0x5A
[2024-04-09 05:06:38] UObjectBase::bBlockInput = 0x5A
[2024-04-09 05:06:38] UObjectBase::bCallPreReplication = 0x58
[2024-04-09 05:06:38] UObjectBase::bCallPreReplicationForReplay = 0x58
[2024-04-09 05:06:38] UObjectBase::bCanBeDamaged = 0x5A
[2024-04-09 05:06:38] UObjectBase::bCanBeInCluster = 0x5B
[2024-04-09 05:06:38] UObjectBase::bCollideWhenPlacing = 0x5A
[2024-04-09 05:06:38] UObjectBase::bHasRegisteredAllComponents = 0x5C
[2024-04-09 05:06:38] UObjectBase::bEnableAutoLODGeneration = 0x5B
[2024-04-09 05:06:38] UObjectBase::bExchangedRoles = 0x59
[2024-04-09 05:06:38] UObjectBase::bGenerateOverlapEventsDuringLevelStreaming = 0x5A
[2024-04-09 05:06:38] UObjectBase::bHasFinishedSpawning = 0x5C
[2024-04-09 05:06:38] UObjectBase::bHidden = 0x58
[2024-04-09 05:06:38] UObjectBase::bIgnoresOriginShifting = 0x5A
[2024-04-09 05:06:38] UObjectBase::bIsEditorOnlyActor = 0x5B
[2024-04-09 05:06:38] UObjectBase::bNetCheckedInitialPhysicsState = 0x5B
[2024-04-09 05:06:38] UObjectBase::bNetLoadOnClient = 0x59
[2024-04-09 05:06:38] UObjectBase::bNetUseOwnerRelevancy = 0x59
[2024-04-09 05:06:38] UObjectBase::bOnlyRelevantToOwner = 0x58
[2024-04-09 05:06:38] UObjectBase::bRelevantForLevelBounds = 0x59
[2024-04-09 05:06:38] UObjectBase::bRelevantForNetworkReplays = 0x59
[2024-04-09 05:06:38] UObjectBase::bReplayRewindable = 0x59
[2024-04-09 05:06:38] UObjectBase::bReplicateMovement = 0x58
[2024-04-09 05:06:38] UObjectBase::bReplicateUsingRegisteredSubObjectList = 0x5B
[2024-04-09 05:06:38] UObjectBase::bReplicates = 0x5B
[2024-04-09 05:06:38] UObjectBase::bRunningUserConstructionScript = 0x5C
[2024-04-09 05:06:38] UObjectBase::bTearOff = 0x59
[2024-04-09 05:06:38] UObjectBase::bTickFunctionsRegistered = 0x5C
[2024-04-09 05:06:38] UObjectBase::ActiveSplitscreenType = 0x70
[2024-04-09 05:06:38] UObjectBase::AudioDeviceHandle = 0xF8
[2024-04-09 05:06:38] UObjectBase::CurrentBufferVisualizationMode = 0x130
[2024-04-09 05:06:38] UObjectBase::CurrentLumenVisualizationMode = 0x140
[2024-04-09 05:06:38] UObjectBase::CurrentNaniteVisualizationMode = 0x138
[2024-04-09 05:06:38] UObjectBase::CurrentVirtualShadowMapVisualizationMode = 0x148
[2024-04-09 05:06:38] UObjectBase::CursorWidgets = 0x200
[2024-04-09 05:06:38] UObjectBase::DebugProperties = 0x48
[2024-04-09 05:06:38] UObjectBase::GameLayerManagerPtr = 0x120
[2024-04-09 05:06:38] UObjectBase::HardwareCursorCache = 0x160
[2024-04-09 05:06:38] UObjectBase::HardwareCursors = 0x1B0
[2024-04-09 05:06:38] UObjectBase::HighResScreenshotDialog = 0x150
[2024-04-09 05:06:38] UObjectBase::MaxSplitscreenPlayers = 0x68
[2024-04-09 05:06:38] UObjectBase::MouseCaptureMode = 0x39A
[2024-04-09 05:06:38] UObjectBase::MouseLockMode = 0x39C
[2024-04-09 05:06:38] UObjectBase::SplitscreenInfo = 0x58
[2024-04-09 05:06:38] UObjectBase::StatUnitData = 0x388
[2024-04-09 05:06:38] UObjectBase::ViewModeIndex = 0xB0
[2024-04-09 05:06:38] UObjectBase::Viewport = 0xE8
[2024-04-09 05:06:38] UObjectBase::ViewportConsole = 0x40
[2024-04-09 05:06:38] UObjectBase::ViewportFrame = 0xF0
[2024-04-09 05:06:38] UObjectBase::ViewportOverlayWidget = 0x110
[2024-04-09 05:06:38] UObjectBase::Window = 0x100
[2024-04-09 05:06:38] UObjectBase::bDisableSplitScreenOverride = 0x398
[2024-04-09 05:06:38] UObjectBase::bDisableWorldRendering = 0x6C
[2024-04-09 05:06:38] UObjectBase::bHideCursorDuringCapture = 0x39B
[2024-04-09 05:06:38] UObjectBase::bIgnoreInput = 0x399
[2024-04-09 05:06:38] UObjectBase::bIsPlayInEditorViewport = 0x6C
[2024-04-09 05:06:38] UObjectBase::bShowTitleSafeZone = 0x6C
[2024-04-09 05:06:38] UObjectBase::bSuppressTransitionMessage = 0x88
[2024-04-09 05:06:38] UObjectBase::bUseSoftwareCursorWidgets = 0x250
[2024-04-09 05:06:38] UScriptStruct::StructFlags = 0xB0
[2024-04-09 05:06:38] UScriptStruct::CppStructOps = 0xB8
[2024-04-09 05:06:38] UScriptStruct::bPrepareCppStructOpsCompleted = 0xB4
[2024-04-09 05:06:38] UScriptStruct::ICppStructOps::Alignment = 0xC
[2024-04-09 05:06:38] UScriptStruct::ICppStructOps::Size = 0x8
[2024-04-09 05:06:38] FField::ClassPrivate = 0x8
[2024-04-09 05:06:38] FField::NamePrivate = 0x28
[2024-04-09 05:06:38] FField::FlagsPrivate = 0x30
[2024-04-09 05:06:38] FField::Next = 0x20
[2024-04-09 05:06:38] FField::Owner = 0x10
[2024-04-09 05:06:38] FOutputDevice::bAutoEmitLineTerminator = 0x9
[2024-04-09 05:06:38] FOutputDevice::bSuppressEventTag = 0x8
[2024-04-09 05:06:38] FEnumProperty::Enum = 0x80
[2024-04-09 05:06:38] FEnumProperty::UnderlyingProp = 0x78
[2024-04-09 05:06:38] UStruct::DestructorLink = 0x80
[2024-04-09 05:06:38] UStruct::Children = 0x48
[2024-04-09 05:06:38] UStruct::ChildProperties = 0x50
[2024-04-09 05:06:38] UStruct::PostConstructLink = 0x88
[2024-04-09 05:06:38] UStruct::UnresolvedScriptProperties = 0xA0
[2024-04-09 05:06:38] UStruct::MinAlignment = 0x5C
[2024-04-09 05:06:38] UStruct::PropertiesSize = 0x58
[2024-04-09 05:06:38] UStruct::PropertyLink = 0x70
[2024-04-09 05:06:38] UStruct::RefLink = 0x78
[2024-04-09 05:06:38] UStruct::Script = 0x60
[2024-04-09 05:06:38] UStruct::ScriptAndPropertyObjectReferences = 0x90
[2024-04-09 05:06:38] UStruct::SuperStruct = 0x40
[2024-04-09 05:06:38] UFunction::EventGraphCallOffset = 0xD0
[2024-04-09 05:06:38] UFunction::EventGraphFunction = 0xC8
[2024-04-09 05:06:38] UFunction::RPCId = 0xBA
[2024-04-09 05:06:38] UFunction::FirstPropertyToInit = 0xC0
[2024-04-09 05:06:38] UFunction::Func = 0xD8
[2024-04-09 05:06:38] UFunction::FunctionFlags = 0xB0
[2024-04-09 05:06:38] UFunction::NumParms = 0xB4
[2024-04-09 05:06:38] UFunction::ParmsSize = 0xB6
[2024-04-09 05:06:38] UFunction::RPCResponseId = 0xBC
[2024-04-09 05:06:38] UFunction::ReturnValueOffset = 0xB8
[2024-04-09 05:06:38] UField::Next = 0x28
[2024-04-09 05:06:38] FProperty::ArrayDim = 0x38
[2024-04-09 05:06:38] FProperty::DestructorLinkNext = 0x68
[2024-04-09 05:06:38] FProperty::ElementSize = 0x3C
[2024-04-09 05:06:38] FProperty::NextRef = 0x60
[2024-04-09 05:06:38] FProperty::Offset_Internal = 0x4C
[2024-04-09 05:06:38] FProperty::PostConstructLinkNext = 0x70
[2024-04-09 05:06:38] FProperty::PropertyLinkNext = 0x58
[2024-04-09 05:06:38] FProperty::PropertyFlags = 0x40
[2024-04-09 05:06:38] FProperty::RepIndex = 0x48
[2024-04-09 05:06:38] FProperty::RepNotifyFunc = 0x50
[2024-04-09 05:06:38] UWorld::BlockTillLevelStreamingCompletedEpoch = 0x144
[2024-04-09 05:06:38] UWorld::bAllowAudioPlayback = 0x13E
[2024-04-09 05:06:38] UWorld::ActiveLevelCollectionIndex = 0x190
[2024-04-09 05:06:38] UWorld::AudioTimeSeconds = 0x678
[2024-04-09 05:06:38] UWorld::CommittedPersistentLevelName = 0x700
[2024-04-09 05:06:38] UWorld::bInTick = 0x13B
[2024-04-09 05:06:38] UWorld::LWILastAssignedUID = 0x258
[2024-04-09 05:06:38] UWorld::CleanupWorldTag = 0x70C
[2024-04-09 05:06:38] UWorld::bTickNewlySpawned = 0x13B
[2024-04-09 05:06:38] UWorld::AuthorityGameMode = 0x150
[2024-04-09 05:06:38] UWorld::DeltaRealTimeSeconds = 0x680
[2024-04-09 05:06:38] UWorld::BuildStreamingDataTimer = 0x448
[2024-04-09 05:06:38] UWorld::bPlayersOnly = 0x13D
[2024-04-09 05:06:38] UWorld::DeltaTimeSeconds = 0x684
[2024-04-09 05:06:38] UWorld::ExtraReferencedObjects = 0x68
[2024-04-09 05:06:38] UWorld::PreparingLevelNames = 0x6F0
[2024-04-09 05:06:38] UWorld::IsInBlockTillLevelStreamingCompleted = 0x140
[2024-04-09 05:06:38] UWorld::bIsRunningConstructionScript = 0x13C
[2024-04-09 05:06:38] UWorld::bAllowDeferredPhysicsStateCreation = 0x108
[2024-04-09 05:06:38] UWorld::LastRenderTime = 0x130
[2024-04-09 05:06:38] UWorld::LastTimeUnbuiltLightingWasEncountered = 0x658
[2024-04-09 05:06:38] UWorld::bHasEverBeenInitialized = 0x13F
[2024-04-09 05:06:38] UWorld::NextSwitchCountdown = 0x6C0
[2024-04-09 05:06:38] UWorld::bMaterialParameterCollectionInstanceNeedsDeferredUpdate = 0x13F
[2024-04-09 05:06:38] UWorld::RealTimeSeconds = 0x670
[2024-04-09 05:06:38] UWorld::NextURL = 0x6E0
[2024-04-09 05:06:38] UWorld::NumStreamingLevelsBeingLoaded = 0x6DA
[2024-04-09 05:06:38] UWorld::PauseDelay = 0x688
[2024-04-09 05:06:38] UWorld::PerModuleDataObjects = 0x78
[2024-04-09 05:06:38] UWorld::bIsDefaultLevel = 0x13C
[2024-04-09 05:06:38] UWorld::PlayerNum = 0x618
[2024-04-09 05:06:38] UWorld::bAggressiveLOD = 0x13C
[2024-04-09 05:06:38] UWorld::StreamingLevelsPrefix = 0xC8
[2024-04-09 05:06:38] UWorld::bTriggerPostLoadMap = 0x13B
[2024-04-09 05:06:38] UWorld::bIsLevelStreamingFrozen = 0x13B
[2024-04-09 05:06:38] UWorld::StreamingVolumeUpdateDelay = 0x61C
[2024-04-09 05:06:38] UWorld::bIsBuilt = 0x13B
[2024-04-09 05:06:38] UWorld::TimeSeconds = 0x660
[2024-04-09 05:06:38] UWorld::UnpausedTimeSeconds = 0x668
[2024-04-09 05:06:38] UWorld::bActorsInitialized = 0x13C
[2024-04-09 05:06:38] UWorld::bIsTearingDown = 0x13D
[2024-04-09 05:06:38] UWorld::bAreConstraintsDirty = 0x13E
[2024-04-09 05:06:38] UWorld::bBegunPlay = 0x13D
[2024-04-09 05:06:38] UWorld::bDebugPauseExecution = 0x13D
[2024-04-09 05:06:38] UWorld::bDoDelayedUpdateCullDistanceVolumes = 0x13C
[2024-04-09 05:06:38] UWorld::bRequestedBlockOnAsyncLoading = 0x13C
[2024-04-09 05:06:38] UWorld::bDropDetail = 0x13C
[2024-04-09 05:06:38] UWorld::bMatchStarted = 0x13D
[2024-04-09 05:06:38] UWorld::bIsCameraMoveableWhenPaused = 0x13E
[2024-04-09 05:06:38] UWorld::bShouldSimulatePhysics = 0x13C
[2024-04-09 05:06:38] UWorld::bIsWorldInitialized = 0x13B
[2024-04-09 05:06:38] UWorld::bKismetScriptError = 0x13D
[2024-04-09 05:06:38] UWorld::bMarkedObjectsPendingKill = 0x708
[2024-04-09 05:06:38] UWorld::bWorldWasLoadedThisTick = 0x13B
[2024-04-09 05:06:38] UWorld::bPlayersOnlyPending = 0x13D
[2024-04-09 05:06:38] UWorld::bPostTickComponentUpdate = 0x13B
[2024-04-09 05:06:38] UWorld::bRequiresHitProxies = 0x13E
[2024-04-09 05:06:38] UWorld::bShouldForceUnloadStreamingLevels = 0x13E
[2024-04-09 05:06:38] UWorld::bShouldForceVisibleStreamingLevels = 0x13E
[2024-04-09 05:06:38] UWorld::bShouldTick = 0x13E
[2024-04-09 05:06:38] UWorld::bStartup = 0x13D
[2024-04-09 05:06:38] UWorld::bStreamingDataDirty = 0x13E
[2024-04-09 05:06:38] UClass::bLayoutChanging = 0xD1
[2024-04-09 05:06:38] UClass::ClassWithin = 0xE0
[2024-04-09 05:06:38] UClass::bCooked = 0xD0
[2024-04-09 05:06:38] UClass::ClassConfigName = 0xE8
[2024-04-09 05:06:38] UClass::ClassConstructor = 0xB0
[2024-04-09 05:06:38] UClass::ClassDefaultObject = 0x110
[2024-04-09 05:06:38] UClass::ClassFlags = 0xD4
[2024-04-09 05:06:38] UClass::ClassUnique = 0xC8
[2024-04-09 05:06:38] UClass::ClassVTableHelperCtorCaller = 0xB8
[2024-04-09 05:06:38] UClass::FirstOwnedClassRep = 0xCC
[2024-04-09 05:06:38] UClass::FuncMap = 0x128
[2024-04-09 05:06:38] UClass::Interfaces = 0x1D0
[2024-04-09 05:06:38] UClass::NetFields = 0x100
[2024-04-09 05:06:38] UClass::SparseClassData = 0x118
[2024-04-09 05:06:38] UClass::SparseClassDataStruct = 0x120
[2024-04-09 05:06:38] UClass::SuperFuncMap = 0x178
[2024-04-09 05:06:38] UEnum::CppForm = 0x50
[2024-04-09 05:06:38] UEnum::CppType = 0x30
[2024-04-09 05:06:38] UEnum::EnumDisplayNameFn = 0x58
[2024-04-09 05:06:38] UEnum::Names = 0x40
[2024-04-09 05:06:38] UEnum::EnumFlags_Internal = 0x54
[2024-04-09 05:06:38] UEnum::EnumPackage = 0x60
[2024-04-09 05:06:38] FObjectPropertyBase::PropertyClass = 0x78
[2024-04-09 05:06:38] FDelegateProperty::SignatureFunction = 0x78
[2024-04-09 05:06:38] FMulticastDelegateProperty::SignatureFunction = 0x78
[2024-04-09 05:06:38] FSetProperty::ElementProp = 0x78
[2024-04-09 05:06:38] FStructProperty::Struct = 0x78
[2024-04-09 05:06:38] FArrayProperty::Inner = 0x78
[2024-04-09 05:06:38] FArrayProperty::ArrayFlags = 0x80
[2024-04-09 05:06:38] FMapProperty::KeyProp = 0x78
[2024-04-09 05:06:38] FMapProperty::MapFlags = 0xA0
[2024-04-09 05:06:38] FMapProperty::ValueProp = 0x80
[2024-04-09 05:06:38] FBoolProperty::FieldMask = 0x7B
[2024-04-09 05:06:38] FBoolProperty::ByteMask = 0x7A
[2024-04-09 05:06:38] FBoolProperty::FieldSize = 0x78
[2024-04-09 05:06:38] FBoolProperty::ByteOffset = 0x79
[2024-04-09 05:06:38] FByteProperty::Enum = 0x78
[2024-04-09 05:06:38] FClassProperty::MetaClass = 0x80
[2024-04-09 05:06:38] FSoftClassProperty::MetaClass = 0x80
[2024-04-09 05:06:38] FInterfaceProperty::InterfaceClass = 0x78
[2024-04-09 05:06:38] FFieldPathProperty::PropertyClass = 0x78
[2024-04-09 05:06:38] 
##### MEMBER OFFSETS END #####

[2024-04-09 05:06:38] m_shared_functions: 0x6ffff8c37eb0
[2024-04-09 05:06:38] Enabling custom events
[2024-04-09 05:06:38] Starting mods (from mods.txt load order)...
[2024-04-09 05:06:38] Mod 'ActorDumperMod' disabled in mods.txt.
[2024-04-09 05:06:38] Starting Lua mod 'ConsoleCommandsMod'
[2024-04-09 05:06:38] Starting Lua mod 'ConsoleEnablerMod'
[2024-04-09 05:06:38] [Lua] ConsoleClass, GameViewport, or ViewportConsole is invalid
[2024-04-09 05:06:38] Mod 'SplitScreenMod' disabled in mods.txt.
[2024-04-09 05:06:38] Mod 'LineTraceMod' disabled in mods.txt.
[2024-04-09 05:06:38] Starting Lua mod 'BPModLoaderMod'
[2024-04-09 05:06:38] CreateLogicModsDirectory: LogicMods directory not found. Creating LogicMods directory.
[2024-04-09 05:06:38] CreateLogicModsDirectory: LogicMods directory created.
[2024-04-09 05:06:38] [Lua] Mods/BPModLoaderMod/load_order.txt not present or no matching mods, loading all BP mods in random order.[2024-04-09 05:06:38] Starting Lua mod 'BPML_GenericFunctions'
[2024-04-09 05:06:38] Mod 'jsbLuaProfilerMod' disabled in mods.txt.
[2024-04-09 05:06:38] Starting Lua mod 'Keybinds'
[2024-04-09 05:06:38] Starting mods (from enabled.txt, no defined load order)...
[2024-04-09 05:06:38] Mod 'AdminEngine' has enabled.txt, starting mod.
[2024-04-09 05:06:38] [Lua] [AdminEngine] AdminEngine v2.5~beta2 Started Successfully! Authors: MaJoRx0, cw0, & Okaetsu
[2024-04-09 05:06:38] [Lua] [AdminEngine] Logging Enabled (this can be configured in config.lua)
[2024-04-09 05:06:39] [Lua] [AdminEngine] myuid: server
[2024-04-09 05:06:39] [Lua] [AdminEngine] Detected Server Mode
[2024-04-09 05:06:39] [RegisterHook] Registered native hook (1, 2) for Function /Script/Pal.PalPlayerState:EnterChat_Receive
[2024-04-09 05:06:39] [Lua] [AdminEngine] Successfully Enabled Remote Command Routes
[2024-04-09 05:06:39] [RegisterHook] Registered native hook (3, 4) for Function /Script/Pal.PalPlayerController:Debug_CheatCommand_ToServer
[2024-04-09 05:06:39] [Lua] [AdminEngine] Successfully Enabled Remote Command Route Pipe
[2024-04-09 05:06:39] [RegisterHook] Registered native hook (5, 6) for Function /Script/Engine.PlayerController:ClientRestart
[2024-04-09 05:06:39] [Lua] [AdminEngine] Successfully Enabled JoinWorld
[2024-04-09 05:06:39] [RegisterHook] Registered native hook (7, 8) for Function /Script/Pal.PalPlayerController:OnDestroyPawn
[2024-04-09 05:06:39] [Lua] [AdminEngine] Successfully Enabled LeaveWorld
[2024-04-09 05:06:39] Event loop start
[2024-04-09 05:07:38] [Lua] ConsoleClass, GameViewport, or ViewportConsole is invalid
